Traceback (most recent call last):
  File "/usr/local/lib/python3.12/dist-packages/jupyter_core/utils/__init__.py", line 154, in wrapped
    asyncio.get_running_loop()
RuntimeError: no running event loop

During handling of the above exception, another exception occurred:

Traceback (most recent call last):
  File "/usr/local/lib/python3.12/dist-packages/jupyter_cache/executors/utils.py", line 58, in single_nb_execution
    executenb(
  File "/usr/local/lib/python3.12/dist-packages/nbclient/client.py", line 1319, in execute
    return NotebookClient(nb=nb, resources=resources, km=km, **kwargs).execute()
           ^^^^^^^^^^^^^^^^^^^^^^^^^^^^^^^^^^^^^^^^^^^^^^^^^^^^^^^^^^^^^^^^^^^^^
  File "/usr/local/lib/python3.12/dist-packages/jupyter_core/utils/__init__.py", line 158, in wrapped
    return loop.run_until_complete(inner)
           ^^^^^^^^^^^^^^^^^^^^^^^^^^^^^^
  File "/usr/lib/python3.12/asyncio/base_events.py", line 691, in run_until_complete
    return future.result()
           ^^^^^^^^^^^^^^^
  File "/usr/local/lib/python3.12/dist-packages/nbclient/client.py", line 709, in async_execute
    await self.async_execute_cell(
  File "/usr/local/lib/python3.12/dist-packages/nbclient/client.py", line 1062, in async_execute_cell
    await self._check_raise_for_error(cell, cell_index, exec_reply)
  File "/usr/local/lib/python3.12/dist-packages/nbclient/client.py", line 918, in _check_raise_for_error
    raise CellExecutionError.from_cell_and_msg(cell, exec_reply_content)
nbclient.exceptions.CellExecutionError: An error occurred while executing the following cell:
------------------
# === 1. Install library ===
!pip install pandas

# === 2. Import library ===
import pandas as pd

# === 3. Baca CSV dari file yang sudah ada ===
df = pd.read_csv("Sample - Superstore.csv", encoding="latin1")

# ubah nama kolom: spasi â†’ underscore agar aman dipakai
df.columns = df.columns.str.replace(" ", "_")

print("Preview data:")
print(df.head())
print("\nNama kolom:")
print(df.columns)

# === 4. Tipe data ===
print("\nTipe data tiap kolom:")
print(df.dtypes)

# === 5. Kualitas data ===

## 5a. Outlier Analysis (IQR) untuk kolom numerik
def detect_outliers_iqr(data, col):
    Q1 = data[col].quantile(0.25)
    Q3 = data[col].quantile(0.75)
    IQR = Q3 - Q1
    lower = Q1 - 1.5 * IQR
    upper = Q3 + 1.5 * IQR
    outliers = data[(data[col] < lower) | (data[col] > upper)]
    return outliers

print("\nðŸ”Ž Outlier pada kolom Sales:")
outliers_sales = detect_outliers_iqr(df, "Sales")
print(outliers_sales[["Row_ID", "Sales"]].head())

print("\nðŸ”Ž Outlier pada kolom Profit:")
outliers_profit = detect_outliers_iqr(df, "Profit")
print(outliers_profit[["Row_ID", "Profit"]].head())

## 5b. Konsistensi data (contoh: Postal_Code harus numerik)
inconsistent_postal = df[~df["Postal_Code"].astype(str).str.isnumeric()]
print("\nðŸš¨ Data tidak konsisten pada Postal_Code:")
print(inconsistent_postal.head())

## 5c. Missing Values
print("\nðŸ”Ž Jumlah missing values per kolom:")
print(df.isnull().sum())

## 5d. Duplikasi Data
print("\nðŸ”Ž Jumlah data duplikat:", df.duplicated().sum())

# === 6. Ringkasan Statistik ===
print("\nðŸ“Š Ringkasan Statistik Numerik:")
print(df.describe())

------------------

----- stdout -----
Requirement already satisfied: pandas in /usr/local/lib/python3.12/dist-packages (2.2.2)
Requirement already satisfied: numpy>=1.26.0 in /usr/local/lib/python3.12/dist-packages (from pandas) (2.0.2)
Requirement already satisfied: python-dateutil>=2.8.2 in /usr/local/lib/python3.12/dist-packages (from pandas) (2.9.0.post0)
Requirement already satisfied: pytz>=2020.1 in /usr/local/lib/python3.12/dist-packages (from pandas) (2025.2)
Requirement already satisfied: tzdata>=2022.7 in /usr/local/lib/python3.12/dist-packages (from pandas) (2025.2)
Requirement already satisfied: six>=1.5 in /usr/local/lib/python3.12/dist-packages (from python-dateutil>=2.8.2->pandas) (1.17.0)
------------------

[0;31m---------------------------------------------------------------------------[0m
[0;31mFileNotFoundError[0m                         Traceback (most recent call last)
[0;32m/tmp/ipython-input-2032055721.py[0m in [0;36m<cell line: 0>[0;34m()[0m
[1;32m      6[0m [0;34m[0m[0m
[1;32m      7[0m [0;31m# === 3. Baca CSV dari file yang sudah ada ===[0m[0;34m[0m[0;34m[0m[0m
[0;32m----> 8[0;31m [0mdf[0m [0;34m=[0m [0mpd[0m[0;34m.[0m[0mread_csv[0m[0;34m([0m[0;34m"Sample - Superstore.csv"[0m[0;34m,[0m [0mencoding[0m[0;34m=[0m[0;34m"latin1"[0m[0;34m)[0m[0;34m[0m[0;34m[0m[0m
[0m[1;32m      9[0m [0;34m[0m[0m
[1;32m     10[0m [0;31m# ubah nama kolom: spasi â†’ underscore agar aman dipakai[0m[0;34m[0m[0;34m[0m[0m

[0;32m/usr/local/lib/python3.12/dist-packages/pandas/io/parsers/readers.py[0m in [0;36mread_csv[0;34m(filepath_or_buffer, sep, delimiter, header, names, index_col, usecols, dtype, engine, converters, true_values, false_values, skipinitialspace, skiprows, skipfooter, nrows, na_values, keep_default_na, na_filter, verbose, skip_blank_lines, parse_dates, infer_datetime_format, keep_date_col, date_parser, date_format, dayfirst, cache_dates, iterator, chunksize, compression, thousands, decimal, lineterminator, quotechar, quoting, doublequote, escapechar, comment, encoding, encoding_errors, dialect, on_bad_lines, delim_whitespace, low_memory, memory_map, float_precision, storage_options, dtype_backend)[0m
[1;32m   1024[0m     [0mkwds[0m[0;34m.[0m[0mupdate[0m[0;34m([0m[0mkwds_defaults[0m[0;34m)[0m[0;34m[0m[0;34m[0m[0m
[1;32m   1025[0m [0;34m[0m[0m
[0;32m-> 1026[0;31m     [0;32mreturn[0m [0m_read[0m[0;34m([0m[0mfilepath_or_buffer[0m[0;34m,[0m [0mkwds[0m[0;34m)[0m[0;34m[0m[0;34m[0m[0m
[0m[1;32m   1027[0m [0;34m[0m[0m
[1;32m   1028[0m [0;34m[0m[0m

[0;32m/usr/local/lib/python3.12/dist-packages/pandas/io/parsers/readers.py[0m in [0;36m_read[0;34m(filepath_or_buffer, kwds)[0m
[1;32m    618[0m [0;34m[0m[0m
[1;32m    619[0m     [0;31m# Create the parser.[0m[0;34m[0m[0;34m[0m[0m
[0;32m--> 620[0;31m     [0mparser[0m [0;34m=[0m [0mTextFileReader[0m[0;34m([0m[0mfilepath_or_buffer[0m[0;34m,[0m [0;34m**[0m[0mkwds[0m[0;34m)[0m[0;34m[0m[0;34m[0m[0m
[0m[1;32m    621[0m [0;34m[0m[0m
[1;32m    622[0m     [0;32mif[0m [0mchunksize[0m [0;32mor[0m [0miterator[0m[0;34m:[0m[0;34m[0m[0;34m[0m[0m

[0;32m/usr/local/lib/python3.12/dist-packages/pandas/io/parsers/readers.py[0m in [0;36m__init__[0;34m(self, f, engine, **kwds)[0m
[1;32m   1618[0m [0;34m[0m[0m
[1;32m   1619[0m         [0mself[0m[0;34m.[0m[0mhandles[0m[0;34m:[0m [0mIOHandles[0m [0;34m|[0m [0;32mNone[0m [0;34m=[0m [0;32mNone[0m[0;34m[0m[0;34m[0m[0m
[0;32m-> 1620[0;31m         [0mself[0m[0;34m.[0m[0m_engine[0m [0;34m=[0m [0mself[0m[0;34m.[0m[0m_make_engine[0m[0;34m([0m[0mf[0m[0;34m,[0m [0mself[0m[0;34m.[0m[0mengine[0m[0;34m)[0m[0;34m[0m[0;34m[0m[0m
[0m[1;32m   1621[0m [0;34m[0m[0m
[1;32m   1622[0m     [0;32mdef[0m [0mclose[0m[0;34m([0m[0mself[0m[0;34m)[0m [0;34m->[0m [0;32mNone[0m[0;34m:[0m[0;34m[0m[0;34m[0m[0m

[0;32m/usr/local/lib/python3.12/dist-packages/pandas/io/parsers/readers.py[0m in [0;36m_make_engine[0;34m(self, f, engine)[0m
[1;32m   1878[0m                 [0;32mif[0m [0;34m"b"[0m [0;32mnot[0m [0;32min[0m [0mmode[0m[0;34m:[0m[0;34m[0m[0;34m[0m[0m
[1;32m   1879[0m                     [0mmode[0m [0;34m+=[0m [0;34m"b"[0m[0;34m[0m[0;34m[0m[0m
[0;32m-> 1880[0;31m             self.handles = get_handle(
[0m[1;32m   1881[0m                 [0mf[0m[0;34m,[0m[0;34m[0m[0;34m[0m[0m
[1;32m   1882[0m                 [0mmode[0m[0;34m,[0m[0;34m[0m[0;34m[0m[0m

[0;32m/usr/local/lib/python3.12/dist-packages/pandas/io/common.py[0m in [0;36mget_handle[0;34m(path_or_buf, mode, encoding, compression, memory_map, is_text, errors, storage_options)[0m
[1;32m    871[0m         [0;32mif[0m [0mioargs[0m[0;34m.[0m[0mencoding[0m [0;32mand[0m [0;34m"b"[0m [0;32mnot[0m [0;32min[0m [0mioargs[0m[0;34m.[0m[0mmode[0m[0;34m:[0m[0;34m[0m[0;34m[0m[0m
[1;32m    872[0m             [0;31m# Encoding[0m[0;34m[0m[0;34m[0m[0m
[0;32m--> 873[0;31m             handle = open(
[0m[1;32m    874[0m                 [0mhandle[0m[0;34m,[0m[0;34m[0m[0;34m[0m[0m
[1;32m    875[0m                 [0mioargs[0m[0;34m.[0m[0mmode[0m[0;34m,[0m[0;34m[0m[0;34m[0m[0m

[0;31mFileNotFoundError[0m: [Errno 2] No such file or directory: 'Sample - Superstore.csv'

